# JRE version: Java(TM) SE Runtime Environment (8.0_101-b13) (build 1.8.0_101-b13)
# Java VM: Java HotSpot(TM) 64-Bit Server VM (25.101-b13 mixed mode windows-amd64 compressed oops)
Heap:
 PSYoungGen      total 103936K, used 79079K [0x00000000eab00000, 0x00000000f3600000, 0x0000000100000000)
  eden space 80896K, 70% used [0x00000000eab00000,0x00000000ee2b28d8,0x00000000efa00000)
  from space 23040K, 95% used [0x00000000f1500000,0x00000000f2a874d8,0x00000000f2b80000)
  to   space 27648K, 0% used [0x00000000efa00000,0x00000000efa00000,0x00000000f1500000)
 ParOldGen       total 52736K, used 29158K [0x00000000c0000000, 0x00000000c3380000, 0x00000000eab00000)
  object space 52736K, 55% used [0x00000000c0000000,0x00000000c1c79b18,0x00000000c3380000)
 Metaspace       used 6368K, capacity 7440K, committed 7680K, reserved 1060864K
  class space    used 605K, capacity 648K, committed 768K, reserved 1048576K
GC Heap History (10 events):
Event: 6.064 GC heap before
{Heap before GC invocations=3 (full 1):
 PSYoungGen      total 36864K, used 31744K [0x00000000eab00000, 0x00000000ed400000, 0x0000000100000000)
  eden space 31744K, 100% used [0x00000000eab00000,0x00000000eca00000,0x00000000eca00000)
  from space 5120K, 0% used [0x00000000eca00000,0x00000000eca00000,0x00000000ecf00000)
  to   space 5120K, 0% used [0x00000000ecf00000,0x00000000ecf00000,0x00000000ed400000)
 ParOldGen       total 52736K, used 829K [0x00000000c0000000, 0x00000000c3380000, 0x00000000eab00000)
  object space 52736K, 1% used [0x00000000c0000000,0x00000000c00cf648,0x00000000c3380000)
 Metaspace       used 5679K, capacity 6832K, committed 7040K, reserved 1058816K
  class space    used 577K, capacity 616K, committed 640K, reserved 1048576K
Event: 6.120 GC heap after
Heap after GC invocations=3 (full 1):
 PSYoungGen      total 36864K, used 5115K [0x00000000eab00000, 0x00000000ee480000, 0x0000000100000000)
  eden space 31744K, 0% used [0x00000000eab00000,0x00000000eab00000,0x00000000eca00000)
  from space 5120K, 99% used [0x00000000ecf00000,0x00000000ed3fedc0,0x00000000ed400000)
  to   space 5120K, 0% used [0x00000000eca00000,0x00000000eca00000,0x00000000ecf00000)
 ParOldGen       total 52736K, used 1673K [0x00000000c0000000, 0x00000000c3380000, 0x00000000eab00000)
  object space 52736K, 3% used [0x00000000c0000000,0x00000000c01a2720,0x00000000c3380000)
 Metaspace       used 5679K, capacity 6832K, committed 7040K, reserved 1058816K
  class space    used 577K, capacity 616K, committed 640K, reserved 1048576K
}
Event: 7.511 GC heap before
{Heap before GC invocations=4 (full 1):
 PSYoungGen      total 36864K, used 36859K [0x00000000eab00000, 0x00000000ee480000, 0x0000000100000000)
  eden space 31744K, 100% used [0x00000000eab00000,0x00000000eca00000,0x00000000eca00000)
  from space 5120K, 99% used [0x00000000ecf00000,0x00000000ed3fedc0,0x00000000ed400000)
  to   space 5120K, 0% used [0x00000000eca00000,0x00000000eca00000,0x00000000ecf00000)
 ParOldGen       total 52736K, used 1673K [0x00000000c0000000, 0x00000000c3380000, 0x00000000eab00000)
  object space 52736K, 3% used [0x00000000c0000000,0x00000000c01a2720,0x00000000c3380000)
 Metaspace       used 5821K, capacity 6960K, committed 7040K, reserved 1058816K
  class space    used 580K, capacity 616K, committed 640K, reserved 1048576K
Event: 7.546 GC heap after
Heap after GC invocations=4 (full 1):
 PSYoungGen      total 36864K, used 5095K [0x00000000eab00000, 0x00000000ee400000, 0x0000000100000000)
  eden space 31744K, 0% used [0x00000000eab00000,0x00000000eab00000,0x00000000eca00000)
  from space 5120K, 99% used [0x00000000eca00000,0x00000000ecef9f40,0x00000000ecf00000)
  to   space 5120K, 0% used [0x00000000edf00000,0x00000000edf00000,0x00000000ee400000)
 ParOldGen       total 52736K, used 7081K [0x00000000c0000000, 0x00000000c3380000, 0x00000000eab00000)
  object space 52736K, 13% used [0x00000000c0000000,0x00000000c06ea6d0,0x00000000c3380000)
 Metaspace       used 5821K, capacity 6960K, committed 7040K, reserved 1058816K
  class space    used 580K, capacity 616K, committed 640K, reserved 1048576K
}
Event: 7.960 GC heap before
{Heap before GC invocations=5 (full 1):
 PSYoungGen      total 36864K, used 36839K [0x00000000eab00000, 0x00000000ee400000, 0x0000000100000000)
  eden space 31744K, 100% used [0x00000000eab00000,0x00000000eca00000,0x00000000eca00000)
  from space 5120K, 99% used [0x00000000eca00000,0x00000000ecef9f40,0x00000000ecf00000)
  to   space 5120K, 0% used [0x00000000edf00000,0x00000000edf00000,0x00000000ee400000)
 ParOldGen       total 52736K, used 7081K [0x00000000c0000000, 0x00000000c3380000, 0x00000000eab00000)
  object space 52736K, 13% used [0x00000000c0000000,0x00000000c06ea6d0,0x00000000c3380000)
 Metaspace       used 5892K, capacity 7024K, committed 7296K, reserved 1060864K
  class space    used 581K, capacity 616K, committed 640K, reserved 1048576K
Event: 7.993 GC heap after
Heap after GC invocations=5 (full 1):
 PSYoungGen      total 53248K, used 5101K [0x00000000eab00000, 0x00000000ee700000, 0x0000000100000000)
  eden space 48128K, 0% used [0x00000000eab00000,0x00000000eab00000,0x00000000eda00000)
  from space 5120K, 99% used [0x00000000edf00000,0x00000000ee3fb548,0x00000000ee400000)
  to   space 5120K, 0% used [0x00000000eda00000,0x00000000eda00000,0x00000000edf00000)
 ParOldGen       total 52736K, used 17886K [0x00000000c0000000, 0x00000000c3380000, 0x00000000eab00000)
  object space 52736K, 33% used [0x00000000c0000000,0x00000000c11779a0,0x00000000c3380000)
 Metaspace       used 5892K, capacity 7024K, committed 7296K, reserved 1060864K
  class space    used 581K, capacity 616K, committed 640K, reserved 1048576K
}
Event: 8.535 GC heap before
{Heap before GC invocations=6 (full 1):
 PSYoungGen      total 53248K, used 53229K [0x00000000eab00000, 0x00000000ee700000, 0x0000000100000000)
  eden space 48128K, 100% used [0x00000000eab00000,0x00000000eda00000,0x00000000eda00000)
  from space 5120K, 99% used [0x00000000edf00000,0x00000000ee3fb548,0x00000000ee400000)
  to   space 5120K, 0% used [0x00000000eda00000,0x00000000eda00000,0x00000000edf00000)
 ParOldGen       total 52736K, used 17886K [0x00000000c0000000, 0x00000000c3380000, 0x00000000eab00000)
  object space 52736K, 33% used [0x00000000c0000000,0x00000000c11779a0,0x00000000c3380000)
 Metaspace       used 5921K, capacity 7024K, committed 7296K, reserved 1060864K
  class space    used 581K, capacity 616K, committed 640K, reserved 1048576K
Event: 8.690 GC heap after
Heap after GC invocations=6 (full 1):
 PSYoungGen      total 53248K, used 5088K [0x00000000eab00000, 0x00000000f2b80000, 0x0000000100000000)
  eden space 48128K, 0% used [0x00000000eab00000,0x00000000eab00000,0x00000000eda00000)
  from space 5120K, 99% used [0x00000000eda00000,0x00000000edef8058,0x00000000edf00000)
  to   space 23040K, 0% used [0x00000000f1500000,0x00000000f1500000,0x00000000f2b80000)
 ParOldGen       total 52736K, used 29158K [0x00000000c0000000, 0x00000000c3380000, 0x00000000eab00000)
  object space 52736K, 55% used [0x00000000c0000000,0x00000000c1c79b18,0x00000000c3380000)
 Metaspace       used 5921K, capacity 7024K, committed 7296K, reserved 1060864K
  class space    used 581K, capacity 616K, committed 640K, reserved 1048576K
}
Event: 9.776 GC heap before
{Heap before GC invocations=7 (full 1):
 PSYoungGen      total 53248K, used 53216K [0x00000000eab00000, 0x00000000f2b80000, 0x0000000100000000)
  eden space 48128K, 100% used [0x00000000eab00000,0x00000000eda00000,0x00000000eda00000)
  from space 5120K, 99% used [0x00000000eda00000,0x00000000edef8058,0x00000000edf00000)
  to   space 23040K, 0% used [0x00000000f1500000,0x00000000f1500000,0x00000000f2b80000)
 ParOldGen       total 52736K, used 29158K [0x00000000c0000000, 0x00000000c3380000, 0x00000000eab00000)
  object space 52736K, 55% used [0x00000000c0000000,0x00000000c1c79b18,0x00000000c3380000)
 Metaspace       used 5960K, capacity 7088K, committed 7296K, reserved 1060864K
  class space    used 583K, capacity 616K, committed 640K, reserved 1048576K
Event: 9.950 GC heap after
Heap after GC invocations=7 (full 1):
 PSYoungGen      total 103936K, used 22045K [0x00000000eab00000, 0x00000000f3600000, 0x0000000100000000)
  eden space 80896K, 0% used [0x00000000eab00000,0x00000000eab00000,0x00000000efa00000)
  from space 23040K, 95% used [0x00000000f1500000,0x00000000f2a874d8,0x00000000f2b80000)
  to   space 27648K, 0% used [0x00000000efa00000,0x00000000efa00000,0x00000000f1500000)
 ParOldGen       total 52736K, used 29158K [0x00000000c0000000, 0x00000000c3380000, 0x00000000eab00000)
  object space 52736K, 55% used [0x00000000c0000000,0x00000000c1c79b18,0x00000000c3380000)
 Metaspace       used 5960K, capacity 7088K, committed 7296K, reserved 1060864K
  class space    used 583K, capacity 616K, committed 640K, reserved 1048576K
}

